<?xml version="1.0" encoding="UTF-8"?>
<testng-results skipped="0" failed="0" ignored="0" total="4" passed="4">
  <reporter-output>
  </reporter-output>
  <suite name="Suite" duration-ms="44566" started-at="2019-01-23T04:37:18Z" finished-at="2019-01-23T04:38:02Z">
    <groups>
    </groups>
    <test name="Test" duration-ms="44566" started-at="2019-01-23T04:37:18Z" finished-at="2019-01-23T04:38:02Z">
      <class name="com.test.TestingHdfc">
        <test-method status="PASS" signature="hdfclink()[pri:0, instance:com.test.TestingHdfc@72967906]" name="hdfclink" duration-ms="40010" started-at="2019-01-23T04:37:22Z" finished-at="2019-01-23T04:38:02Z">
          <reporter-output>
          </reporter-output>
        </test-method> <!-- hdfclink -->
      </class> <!-- com.test.TestingHdfc -->
      <class name="com.test.ListenerTest">
        <test-method status="PASS" signature="first()[pri:0, instance:com.test.ListenerTest@1a482e36]" name="first" duration-ms="19" started-at="2019-01-23T04:37:22Z" finished-at="2019-01-23T04:37:22Z">
          <reporter-output>
          </reporter-output>
        </test-method> <!-- first -->
        <test-method status="PASS" signature="second()[pri:0, instance:com.test.ListenerTest@1a482e36]" name="second" duration-ms="3" started-at="2019-01-23T04:37:22Z" finished-at="2019-01-23T04:37:22Z">
          <reporter-output>
          </reporter-output>
        </test-method> <!-- second -->
        <test-method status="PASS" signature="third()[pri:0, instance:com.test.ListenerTest@1a482e36]" name="third" duration-ms="3" started-at="2019-01-23T04:37:22Z" finished-at="2019-01-23T04:37:22Z">
          <reporter-output>
          </reporter-output>
        </test-method> <!-- third -->
      </class> <!-- com.test.ListenerTest -->
    </test> <!-- Test -->
  </suite> <!-- Suite -->
</testng-results>
