<?xml version="1.0" encoding="UTF-8"?>
<!-- Generated by org.testng.reporters.JUnitXMLReporter -->
<testsuite hostname="BDC6-DX-8738N62" ignored="0" name="Test" tests="4" failures="0" timestamp="23 Jan 2019 04:38:02 GMT" time="44.566" errors="0">
  <testcase name="first" time="0.019" classname="com.test.ListenerTest"/>
  <testcase name="second" time="0.003" classname="com.test.ListenerTest"/>
  <testcase name="third" time="0.003" classname="com.test.ListenerTest"/>
  <testcase name="hdfclink" time="40.01" classname="com.test.TestingHdfc"/>
</testsuite> <!-- Test -->
